[2026-07-08 12:31:54] [refresh_page] ATENTIE: 'ip_aparat' din device_config.json este inca 'localhost' (valoare implicita).
[2026-07-08 12:31:54] [refresh_page] Pornesc. URL tinta: http://localhost/ | restart complet la fiecare 2.00h | headless=False | auto-login=True
[2026-07-08 12:31:54] [refresh_page] Restart initial la pornire...
[2026-07-08 12:31:58] [refresh_page] Incercarea 1/3 a esuat: WebDriverException: Message: unknown error: net::ERR_CONNECTION_REFUSED
  (Session info: chrome=149.0.7827.201)
Stacktrace:
	chromedriver!GetHandleVerifier [0x7ff781b93fa5+14925]
	chromedriver!GetHandleVerifier [0x7ff781b94000+14980]
	chromedriver!(No symbol) [0x7ff7816d793d]
	chromedriver!(No symbol) [0x7ff7816d44ce]
	chromedriver!(No symbol) [0x7ff7816c4711]
	chromedriver!(No symbol) [0x7ff7816c657f]
	chromedriver!(No symbol) [0x7ff7816c4cb3]
	chromedriver!(No symbol) [0x7ff7816c447b]
	chromedriver!(No symbol) [0x7ff7816c4131]
	chromedriver!(No symbol) [0x7ff7816c1e01]
	chromedriver!(No symbol) [0x7ff7816c2562]
	chromedriver!(No symbol) [0x7ff7816dbbe6]
	chromedriver!(No symbol) [0x7ff7817801c4]
	chromedriver!(No symbol) [0x7ff78175a3ca]
	chromedriver!(No symbol) [0x7ff78177f39b]
	chromedriver!(No symbol) [0x7ff78172401c]
	chromedriver!(No symbol) [0x7ff781724f43]
	chromedriver!GetHandleVerifier [0x7ff782177591+5f7f11]
	chromedriver!GetHandleVerifier [0x7ff782171902+5f2282]
	chromedriver!GetHandleVerifier [0x7ff782197115+617a95]
	chromedriver!GetHandleVerifier [0x7ff781bb1dce+3274e]
	chromedriver!GetHandleVerifier [0x7ff781bba82c+3b1ac]
	chromedriver!GetHandleVerifier [0x7ff781b9d744+1e0c4]
	chromedriver!GetHandleVerifier [0x7ff781b9d8d4+1e254]
	chromedriver!GetHandleVerifier [0x7ff781b81447+1dc7]
	KERNEL32!BaseThreadInitThunk [0x7ff875d5e957+17]
	ntdll!RtlUserThreadStart [0x7ff876ca7c1c+2c]

[2026-07-08 12:32:05] [refresh_page] Auto-login: Eroare neasteptata: NoSuchWindowException: Message: no such window: target window already closed
from unknown error: web view not found
  (Session info: chrome=149.0.7827.201)
Stacktrace:
	chromedriver!GetHandleVerifier [0x7ff781b93fa5+14925]
	chromedriver!GetHandleVerifier [0x7ff781b94000+14980]
	chromedriver!(No symbol) [0x7ff7816d793d]
	chromedriver!(No symbol) [0x7ff7816ae362]
	chromedriver!(No symbol) [0x7ff781761846]
	chromedriver!(No symbol) [0x7ff78177ec82]
	chromedriver!(No symbol) [0x7ff78172401c]
	chromedriver!(No symbol) [0x7ff781724f43]
	chromedriver!GetHandleVerifier [0x7ff782177591+5f7f11]
	chromedriver!GetHandleVerifier [0x7ff782171902+5f2282]
	chromedriver!GetHandleVerifier [0x7ff782197115+617a95]
	chromedriver!GetHandleVerifier [0x7ff781bb1dce+3274e]
	chromedriver!GetHandleVerifier [0x7ff781bba82c+3b1ac]
	chromedriver!GetHandleVerifier [0x7ff781b9d744+1e0c4]
	chromedriver!GetHandleVerifier [0x7ff781b9d8d4+1e254]
	chromedriver!GetHandleVerifier [0x7ff781b81447+1dc7]
	KERNEL32!BaseThreadInitThunk [0x7ff875d5e957+17]
	ntdll!RtlUserThreadStart [0x7ff876ca7c1c+2c]

[2026-07-08 12:32:05] [refresh_page] Pornire reusita. Astept urmatorul restart programat.
[2026-07-08 12:42:35] [refresh_page] ATENTIE: 'ip_aparat' din device_config.json este inca 'localhost' (valoare implicita).
[2026-07-08 12:42:35] [refresh_page] Pornesc. URL tinta: http://localhost/ | restart complet la fiecare 2.00h | headless=False | auto-login=True
[2026-07-08 12:42:35] [refresh_page] Restart initial la pornire...
[2026-07-08 12:42:39] [refresh_page] Incercarea 1/3 a esuat: WebDriverException: Message: unknown error: net::ERR_CONNECTION_REFUSED
  (Session info: chrome=149.0.7827.201)
Stacktrace:
	chromedriver!GetHandleVerifier [0x7ff781b93fa5+14925]
	chromedriver!GetHandleVerifier [0x7ff781b94000+14980]
	chromedriver!(No symbol) [0x7ff7816d793d]
	chromedriver!(No symbol) [0x7ff7816d44ce]
	chromedriver!(No symbol) [0x7ff7816c4711]
	chromedriver!(No symbol) [0x7ff7816c657f]
	chromedriver!(No symbol) [0x7ff7816c4cb3]
	chromedriver!(No symbol) [0x7ff7816c447b]
	chromedriver!(No symbol) [0x7ff7816c4131]
	chromedriver!(No symbol) [0x7ff7816c1e01]
	chromedriver!(No symbol) [0x7ff7816c2562]
	chromedriver!(No symbol) [0x7ff7816dbbe6]
	chromedriver!(No symbol) [0x7ff7817801c4]
	chromedriver!(No symbol) [0x7ff78175a3ca]
	chromedriver!(No symbol) [0x7ff78177f39b]
	chromedriver!(No symbol) [0x7ff78172401c]
	chromedriver!(No symbol) [0x7ff781724f43]
	chromedriver!GetHandleVerifier [0x7ff782177591+5f7f11]
	chromedriver!GetHandleVerifier [0x7ff782171902+5f2282]
	chromedriver!GetHandleVerifier [0x7ff782197115+617a95]
	chromedriver!GetHandleVerifier [0x7ff781bb1dce+3274e]
	chromedriver!GetHandleVerifier [0x7ff781bba82c+3b1ac]
	chromedriver!GetHandleVerifier [0x7ff781b9d744+1e0c4]
	chromedriver!GetHandleVerifier [0x7ff781b9d8d4+1e254]
	chromedriver!GetHandleVerifier [0x7ff781b81447+1dc7]
	KERNEL32!BaseThreadInitThunk [0x7ff875d5e957+17]
	ntdll!RtlUserThreadStart [0x7ff876ca7c1c+2c]

[2026-07-08 12:42:46] [refresh_page] Incercarea 2/3 a esuat: WebDriverException: Message: unknown error: net::ERR_CONNECTION_REFUSED
  (Session info: chrome=149.0.7827.201)
Stacktrace:
	chromedriver!GetHandleVerifier [0x7ff781b93fa5+14925]
	chromedriver!GetHandleVerifier [0x7ff781b94000+14980]
	chromedriver!(No symbol) [0x7ff7816d793d]
	chromedriver!(No symbol) [0x7ff7816d44ce]
	chromedriver!(No symbol) [0x7ff7816c4711]
	chromedriver!(No symbol) [0x7ff7816c657f]
	chromedriver!(No symbol) [0x7ff7816c4cb3]
	chromedriver!(No symbol) [0x7ff7816c447b]
	chromedriver!(No symbol) [0x7ff7816c4131]
	chromedriver!(No symbol) [0x7ff7816c1e01]
	chromedriver!(No symbol) [0x7ff7816c2562]
	chromedriver!(No symbol) [0x7ff7816dbbe6]
	chromedriver!(No symbol) [0x7ff7817801c4]
	chromedriver!(No symbol) [0x7ff78175a3ca]
	chromedriver!(No symbol) [0x7ff78177f39b]
	chromedriver!(No symbol) [0x7ff78172401c]
	chromedriver!(No symbol) [0x7ff781724f43]
	chromedriver!GetHandleVerifier [0x7ff782177591+5f7f11]
	chromedriver!GetHandleVerifier [0x7ff782171902+5f2282]
	chromedriver!GetHandleVerifier [0x7ff782197115+617a95]
	chromedriver!GetHandleVerifier [0x7ff781bb1dce+3274e]
	chromedriver!GetHandleVerifier [0x7ff781bba82c+3b1ac]
	chromedriver!GetHandleVerifier [0x7ff781b9d744+1e0c4]
	chromedriver!GetHandleVerifier [0x7ff781b9d8d4+1e254]
	chromedriver!GetHandleVerifier [0x7ff781b81447+1dc7]
	KERNEL32!BaseThreadInitThunk [0x7ff875d5e957+17]
	ntdll!RtlUserThreadStart [0x7ff876ca7c1c+2c]

[2026-07-08 12:42:54] [refresh_page] Incercarea 3/3 a esuat: WebDriverException: Message: unknown error: net::ERR_CONNECTION_REFUSED
  (Session info: chrome=149.0.7827.201)
Stacktrace:
	chromedriver!GetHandleVerifier [0x7ff781b93fa5+14925]
	chromedriver!GetHandleVerifier [0x7ff781b94000+14980]
	chromedriver!(No symbol) [0x7ff7816d793d]
	chromedriver!(No symbol) [0x7ff7816d44ce]
	chromedriver!(No symbol) [0x7ff7816c4711]
	chromedriver!(No symbol) [0x7ff7816c657f]
	chromedriver!(No symbol) [0x7ff7816c4cb3]
	chromedriver!(No symbol) [0x7ff7816c447b]
	chromedriver!(No symbol) [0x7ff7816c4131]
	chromedriver!(No symbol) [0x7ff7816c1e01]
	chromedriver!(No symbol) [0x7ff7816c2562]
	chromedriver!(No symbol) [0x7ff7816dbbe6]
	chromedriver!(No symbol) [0x7ff7817801c4]
	chromedriver!(No symbol) [0x7ff78175a3ca]
	chromedriver!(No symbol) [0x7ff78177f39b]
	chromedriver!(No symbol) [0x7ff78172401c]
	chromedriver!(No symbol) [0x7ff781724f43]
	chromedriver!GetHandleVerifier [0x7ff782177591+5f7f11]
	chromedriver!GetHandleVerifier [0x7ff782171902+5f2282]
	chromedriver!GetHandleVerifier [0x7ff782197115+617a95]
	chromedriver!GetHandleVerifier [0x7ff781bb1dce+3274e]
	chromedriver!GetHandleVerifier [0x7ff781bba82c+3b1ac]
	chromedriver!GetHandleVerifier [0x7ff781b9d744+1e0c4]
	chromedriver!GetHandleVerifier [0x7ff781b9d8d4+1e254]
	chromedriver!GetHandleVerifier [0x7ff781b81447+1dc7]
	KERNEL32!BaseThreadInitThunk [0x7ff875d5e957+17]
	ntdll!RtlUserThreadStart [0x7ff876ca7c1c+2c]

[2026-07-08 12:42:54] [refresh_page] Nu am putut incarca pagina la pornire. Opresc scriptul.
[2026-07-08 12:43:01] [refresh_page] ATENTIE: 'ip_aparat' din device_config.json este inca 'localhost' (valoare implicita).
[2026-07-08 12:43:01] [refresh_page] Pornesc. URL tinta: http://localhost/ | restart complet la fiecare 2.00h | headless=False | auto-login=True
[2026-07-08 12:43:01] [refresh_page] Restart initial la pornire...
[2026-07-08 12:43:07] [refresh_page] Incercarea 1/3 a esuat: WebDriverException: Message: unknown error: net::ERR_CONNECTION_REFUSED
  (Session info: chrome=149.0.7827.201)
Stacktrace:
	chromedriver!GetHandleVerifier [0x7ff781b93fa5+14925]
	chromedriver!GetHandleVerifier [0x7ff781b94000+14980]
	chromedriver!(No symbol) [0x7ff7816d793d]
	chromedriver!(No symbol) [0x7ff7816d44ce]
	chromedriver!(No symbol) [0x7ff7816c4711]
	chromedriver!(No symbol) [0x7ff7816c657f]
	chromedriver!(No symbol) [0x7ff7816c4cb3]
	chromedriver!(No symbol) [0x7ff7816c447b]
	chromedriver!(No symbol) [0x7ff7816c4131]
	chromedriver!(No symbol) [0x7ff7816c1e01]
	chromedriver!(No symbol) [0x7ff7816c2562]
	chromedriver!(No symbol) [0x7ff7816dbbe6]
	chromedriver!(No symbol) [0x7ff7817801c4]
	chromedriver!(No symbol) [0x7ff78175a3ca]
	chromedriver!(No symbol) [0x7ff78177f39b]
	chromedriver!(No symbol) [0x7ff78172401c]
	chromedriver!(No symbol) [0x7ff781724f43]
	chromedriver!GetHandleVerifier [0x7ff782177591+5f7f11]
	chromedriver!GetHandleVerifier [0x7ff782171902+5f2282]
	chromedriver!GetHandleVerifier [0x7ff782197115+617a95]
	chromedriver!GetHandleVerifier [0x7ff781bb1dce+3274e]
	chromedriver!GetHandleVerifier [0x7ff781bba82c+3b1ac]
	chromedriver!GetHandleVerifier [0x7ff781b9d744+1e0c4]
	chromedriver!GetHandleVerifier [0x7ff781b9d8d4+1e254]
	chromedriver!GetHandleVerifier [0x7ff781b81447+1dc7]
	KERNEL32!BaseThreadInitThunk [0x7ff875d5e957+17]
	ntdll!RtlUserThreadStart [0x7ff876ca7c1c+2c]

[2026-07-08 12:43:14] [refresh_page] Incercarea 2/3 a esuat: WebDriverException: Message: unknown error: net::ERR_CONNECTION_REFUSED
  (Session info: chrome=149.0.7827.201)
Stacktrace:
	chromedriver!GetHandleVerifier [0x7ff781b93fa5+14925]
	chromedriver!GetHandleVerifier [0x7ff781b94000+14980]
	chromedriver!(No symbol) [0x7ff7816d793d]
	chromedriver!(No symbol) [0x7ff7816d44ce]
	chromedriver!(No symbol) [0x7ff7816c4711]
	chromedriver!(No symbol) [0x7ff7816c657f]
	chromedriver!(No symbol) [0x7ff7816c4cb3]
	chromedriver!(No symbol) [0x7ff7816c447b]
	chromedriver!(No symbol) [0x7ff7816c4131]
	chromedriver!(No symbol) [0x7ff7816c1e01]
	chromedriver!(No symbol) [0x7ff7816c2562]
	chromedriver!(No symbol) [0x7ff7816dbbe6]
	chromedriver!(No symbol) [0x7ff7817801c4]
	chromedriver!(No symbol) [0x7ff78175a3ca]
	chromedriver!(No symbol) [0x7ff78177f39b]
	chromedriver!(No symbol) [0x7ff78172401c]
	chromedriver!(No symbol) [0x7ff781724f43]
	chromedriver!GetHandleVerifier [0x7ff782177591+5f7f11]
	chromedriver!GetHandleVerifier [0x7ff782171902+5f2282]
	chromedriver!GetHandleVerifier [0x7ff782197115+617a95]
	chromedriver!GetHandleVerifier [0x7ff781bb1dce+3274e]
	chromedriver!GetHandleVerifier [0x7ff781bba82c+3b1ac]
	chromedriver!GetHandleVerifier [0x7ff781b9d744+1e0c4]
	chromedriver!GetHandleVerifier [0x7ff781b9d8d4+1e254]
	chromedriver!GetHandleVerifier [0x7ff781b81447+1dc7]
	KERNEL32!BaseThreadInitThunk [0x7ff875d5e957+17]
	ntdll!RtlUserThreadStart [0x7ff876ca7c1c+2c]

[2026-07-08 12:43:22] [refresh_page] Incercarea 3/3 a esuat: WebDriverException: Message: unknown error: net::ERR_CONNECTION_REFUSED
  (Session info: chrome=149.0.7827.201)
Stacktrace:
	chromedriver!GetHandleVerifier [0x7ff781b93fa5+14925]
	chromedriver!GetHandleVerifier [0x7ff781b94000+14980]
	chromedriver!(No symbol) [0x7ff7816d793d]
	chromedriver!(No symbol) [0x7ff7816d44ce]
	chromedriver!(No symbol) [0x7ff7816c4711]
	chromedriver!(No symbol) [0x7ff7816c657f]
	chromedriver!(No symbol) [0x7ff7816c4cb3]
	chromedriver!(No symbol) [0x7ff7816c447b]
	chromedriver!(No symbol) [0x7ff7816c4131]
	chromedriver!(No symbol) [0x7ff7816c1e01]
	chromedriver!(No symbol) [0x7ff7816c2562]
	chromedriver!(No symbol) [0x7ff7816dbbe6]
	chromedriver!(No symbol) [0x7ff7817801c4]
	chromedriver!(No symbol) [0x7ff78175a3ca]
	chromedriver!(No symbol) [0x7ff78177f39b]
	chromedriver!(No symbol) [0x7ff78172401c]
	chromedriver!(No symbol) [0x7ff781724f43]
	chromedriver!GetHandleVerifier [0x7ff782177591+5f7f11]
	chromedriver!GetHandleVerifier [0x7ff782171902+5f2282]
	chromedriver!GetHandleVerifier [0x7ff782197115+617a95]
	chromedriver!GetHandleVerifier [0x7ff781bb1dce+3274e]
	chromedriver!GetHandleVerifier [0x7ff781bba82c+3b1ac]
	chromedriver!GetHandleVerifier [0x7ff781b9d744+1e0c4]
	chromedriver!GetHandleVerifier [0x7ff781b9d8d4+1e254]
	chromedriver!GetHandleVerifier [0x7ff781b81447+1dc7]
	KERNEL32!BaseThreadInitThunk [0x7ff875d5e957+17]
	ntdll!RtlUserThreadStart [0x7ff876ca7c1c+2c]

[2026-07-08 12:43:22] [refresh_page] Nu am putut incarca pagina la pornire. Opresc scriptul.
[2026-07-08 12:43:29] [refresh_page] ATENTIE: 'ip_aparat' din device_config.json este inca 'localhost' (valoare implicita).
[2026-07-08 12:43:29] [refresh_page] Pornesc. URL tinta: http://localhost/ | restart complet la fiecare 2.00h | headless=False | auto-login=True
[2026-07-08 12:43:29] [refresh_page] Restart initial la pornire...
[2026-07-08 12:43:35] [refresh_page] Incercarea 1/3 a esuat: WebDriverException: Message: unknown error: net::ERR_CONNECTION_REFUSED
  (Session info: chrome=149.0.7827.201)
Stacktrace:
	chromedriver!GetHandleVerifier [0x7ff781b93fa5+14925]
	chromedriver!GetHandleVerifier [0x7ff781b94000+14980]
	chromedriver!(No symbol) [0x7ff7816d793d]
	chromedriver!(No symbol) [0x7ff7816d44ce]
	chromedriver!(No symbol) [0x7ff7816c4711]
	chromedriver!(No symbol) [0x7ff7816c657f]
	chromedriver!(No symbol) [0x7ff7816c4cb3]
	chromedriver!(No symbol) [0x7ff7816c447b]
	chromedriver!(No symbol) [0x7ff7816c4131]
	chromedriver!(No symbol) [0x7ff7816c1e01]
	chromedriver!(No symbol) [0x7ff7816c2562]
	chromedriver!(No symbol) [0x7ff7816dbbe6]
	chromedriver!(No symbol) [0x7ff7817801c4]
	chromedriver!(No symbol) [0x7ff78175a3ca]
	chromedriver!(No symbol) [0x7ff78177f39b]
	chromedriver!(No symbol) [0x7ff78172401c]
	chromedriver!(No symbol) [0x7ff781724f43]
	chromedriver!GetHandleVerifier [0x7ff782177591+5f7f11]
	chromedriver!GetHandleVerifier [0x7ff782171902+5f2282]
	chromedriver!GetHandleVerifier [0x7ff782197115+617a95]
	chromedriver!GetHandleVerifier [0x7ff781bb1dce+3274e]
	chromedriver!GetHandleVerifier [0x7ff781bba82c+3b1ac]
	chromedriver!GetHandleVerifier [0x7ff781b9d744+1e0c4]
	chromedriver!GetHandleVerifier [0x7ff781b9d8d4+1e254]
	chromedriver!GetHandleVerifier [0x7ff781b81447+1dc7]
	KERNEL32!BaseThreadInitThunk [0x7ff875d5e957+17]
	ntdll!RtlUserThreadStart [0x7ff876ca7c1c+2c]

[2026-07-08 12:44:31] [refresh_page] ATENTIE: 'ip_aparat' din device_config.json este inca 'localhost' (valoare implicita).
[2026-07-08 12:44:31] [refresh_page] Pornesc. URL tinta: http://localhost/ | restart complet la fiecare 2.00h | headless=False | auto-login=True
[2026-07-08 12:44:31] [refresh_page] Restart initial la pornire...
[2026-07-08 12:44:36] [refresh_page] Incercarea 1/3 a esuat: WebDriverException: Message: unknown error: net::ERR_CONNECTION_REFUSED
  (Session info: chrome=149.0.7827.201)
Stacktrace:
	chromedriver!GetHandleVerifier [0x7ff781b93fa5+14925]
	chromedriver!GetHandleVerifier [0x7ff781b94000+14980]
	chromedriver!(No symbol) [0x7ff7816d793d]
	chromedriver!(No symbol) [0x7ff7816d44ce]
	chromedriver!(No symbol) [0x7ff7816c4711]
	chromedriver!(No symbol) [0x7ff7816c657f]
	chromedriver!(No symbol) [0x7ff7816c4cb3]
	chromedriver!(No symbol) [0x7ff7816c447b]
	chromedriver!(No symbol) [0x7ff7816c4131]
	chromedriver!(No symbol) [0x7ff7816c1e01]
	chromedriver!(No symbol) [0x7ff7816c2562]
	chromedriver!(No symbol) [0x7ff7816dbbe6]
	chromedriver!(No symbol) [0x7ff7817801c4]
	chromedriver!(No symbol) [0x7ff78175a3ca]
	chromedriver!(No symbol) [0x7ff78177f39b]
	chromedriver!(No symbol) [0x7ff78172401c]
	chromedriver!(No symbol) [0x7ff781724f43]
	chromedriver!GetHandleVerifier [0x7ff782177591+5f7f11]
	chromedriver!GetHandleVerifier [0x7ff782171902+5f2282]
	chromedriver!GetHandleVerifier [0x7ff782197115+617a95]
	chromedriver!GetHandleVerifier [0x7ff781bb1dce+3274e]
	chromedriver!GetHandleVerifier [0x7ff781bba82c+3b1ac]
	chromedriver!GetHandleVerifier [0x7ff781b9d744+1e0c4]
	chromedriver!GetHandleVerifier [0x7ff781b9d8d4+1e254]
	chromedriver!GetHandleVerifier [0x7ff781b81447+1dc7]
	KERNEL32!BaseThreadInitThunk [0x7ff875d5e957+17]
	ntdll!RtlUserThreadStart [0x7ff876ca7c1c+2c]

[2026-07-08 12:44:44] [refresh_page] Incercarea 2/3 a esuat: WebDriverException: Message: unknown error: net::ERR_CONNECTION_REFUSED
  (Session info: chrome=149.0.7827.201)
Stacktrace:
	chromedriver!GetHandleVerifier [0x7ff781b93fa5+14925]
	chromedriver!GetHandleVerifier [0x7ff781b94000+14980]
	chromedriver!(No symbol) [0x7ff7816d793d]
	chromedriver!(No symbol) [0x7ff7816d44ce]
	chromedriver!(No symbol) [0x7ff7816c4711]
	chromedriver!(No symbol) [0x7ff7816c657f]
	chromedriver!(No symbol) [0x7ff7816c4cb3]
	chromedriver!(No symbol) [0x7ff7816c447b]
	chromedriver!(No symbol) [0x7ff7816c4131]
	chromedriver!(No symbol) [0x7ff7816c1e01]
	chromedriver!(No symbol) [0x7ff7816c2562]
	chromedriver!(No symbol) [0x7ff7816dbbe6]
	chromedriver!(No symbol) [0x7ff7817801c4]
	chromedriver!(No symbol) [0x7ff78175a3ca]
	chromedriver!(No symbol) [0x7ff78177f39b]
	chromedriver!(No symbol) [0x7ff78172401c]
	chromedriver!(No symbol) [0x7ff781724f43]
	chromedriver!GetHandleVerifier [0x7ff782177591+5f7f11]
	chromedriver!GetHandleVerifier [0x7ff782171902+5f2282]
	chromedriver!GetHandleVerifier [0x7ff782197115+617a95]
	chromedriver!GetHandleVerifier [0x7ff781bb1dce+3274e]
	chromedriver!GetHandleVerifier [0x7ff781bba82c+3b1ac]
	chromedriver!GetHandleVerifier [0x7ff781b9d744+1e0c4]
	chromedriver!GetHandleVerifier [0x7ff781b9d8d4+1e254]
	chromedriver!GetHandleVerifier [0x7ff781b81447+1dc7]
	KERNEL32!BaseThreadInitThunk [0x7ff875d5e957+17]
	ntdll!RtlUserThreadStart [0x7ff876ca7c1c+2c]

[2026-07-08 12:44:51] [refresh_page] Incercarea 3/3 a esuat: WebDriverException: Message: unknown error: net::ERR_CONNECTION_REFUSED
  (Session info: chrome=149.0.7827.201)
Stacktrace:
	chromedriver!GetHandleVerifier [0x7ff781b93fa5+14925]
	chromedriver!GetHandleVerifier [0x7ff781b94000+14980]
	chromedriver!(No symbol) [0x7ff7816d793d]
	chromedriver!(No symbol) [0x7ff7816d44ce]
	chromedriver!(No symbol) [0x7ff7816c4711]
	chromedriver!(No symbol) [0x7ff7816c657f]
	chromedriver!(No symbol) [0x7ff7816c4cb3]
	chromedriver!(No symbol) [0x7ff7816c447b]
	chromedriver!(No symbol) [0x7ff7816c4131]
	chromedriver!(No symbol) [0x7ff7816c1e01]
	chromedriver!(No symbol) [0x7ff7816c2562]
	chromedriver!(No symbol) [0x7ff7816dbbe6]
	chromedriver!(No symbol) [0x7ff7817801c4]
	chromedriver!(No symbol) [0x7ff78175a3ca]
	chromedriver!(No symbol) [0x7ff78177f39b]
	chromedriver!(No symbol) [0x7ff78172401c]
	chromedriver!(No symbol) [0x7ff781724f43]
	chromedriver!GetHandleVerifier [0x7ff782177591+5f7f11]
	chromedriver!GetHandleVerifier [0x7ff782171902+5f2282]
	chromedriver!GetHandleVerifier [0x7ff782197115+617a95]
	chromedriver!GetHandleVerifier [0x7ff781bb1dce+3274e]
	chromedriver!GetHandleVerifier [0x7ff781bba82c+3b1ac]
	chromedriver!GetHandleVerifier [0x7ff781b9d744+1e0c4]
	chromedriver!GetHandleVerifier [0x7ff781b9d8d4+1e254]
	chromedriver!GetHandleVerifier [0x7ff781b81447+1dc7]
	KERNEL32!BaseThreadInitThunk [0x7ff875d5e957+17]
	ntdll!RtlUserThreadStart [0x7ff876ca7c1c+2c]

[2026-07-08 12:44:51] [refresh_page] Nu am putut incarca pagina la pornire. Opresc scriptul.
[2026-07-08 12:45:00] [refresh_page] ATENTIE: 'ip_aparat' din device_config.json este inca 'localhost' (valoare implicita).
[2026-07-08 12:45:00] [refresh_page] Pornesc. URL tinta: http://localhost/ | restart complet la fiecare 2.00h | headless=False | auto-login=True
[2026-07-08 12:45:00] [refresh_page] Restart initial la pornire...
[2026-07-08 12:45:05] [refresh_page] Incercarea 1/3 a esuat: WebDriverException: Message: unknown error: net::ERR_CONNECTION_REFUSED
  (Session info: chrome=149.0.7827.201)
Stacktrace:
	chromedriver!GetHandleVerifier [0x7ff781b93fa5+14925]
	chromedriver!GetHandleVerifier [0x7ff781b94000+14980]
	chromedriver!(No symbol) [0x7ff7816d793d]
	chromedriver!(No symbol) [0x7ff7816d44ce]
	chromedriver!(No symbol) [0x7ff7816c4711]
	chromedriver!(No symbol) [0x7ff7816c657f]
	chromedriver!(No symbol) [0x7ff7816c4cb3]
	chromedriver!(No symbol) [0x7ff7816c447b]
	chromedriver!(No symbol) [0x7ff7816c4131]
	chromedriver!(No symbol) [0x7ff7816c1e01]
	chromedriver!(No symbol) [0x7ff7816c2562]
	chromedriver!(No symbol) [0x7ff7816dbbe6]
	chromedriver!(No symbol) [0x7ff7817801c4]
	chromedriver!(No symbol) [0x7ff78175a3ca]
	chromedriver!(No symbol) [0x7ff78177f39b]
	chromedriver!(No symbol) [0x7ff78172401c]
	chromedriver!(No symbol) [0x7ff781724f43]
	chromedriver!GetHandleVerifier [0x7ff782177591+5f7f11]
	chromedriver!GetHandleVerifier [0x7ff782171902+5f2282]
	chromedriver!GetHandleVerifier [0x7ff782197115+617a95]
	chromedriver!GetHandleVerifier [0x7ff781bb1dce+3274e]
	chromedriver!GetHandleVerifier [0x7ff781bba82c+3b1ac]
	chromedriver!GetHandleVerifier [0x7ff781b9d744+1e0c4]
	chromedriver!GetHandleVerifier [0x7ff781b9d8d4+1e254]
	chromedriver!GetHandleVerifier [0x7ff781b81447+1dc7]
	KERNEL32!BaseThreadInitThunk [0x7ff875d5e957+17]
	ntdll!RtlUserThreadStart [0x7ff876ca7c1c+2c]

[2026-07-08 12:45:15] [refresh_page] Incercarea 2/3 a esuat: WebDriverException: Message: unknown error: net::ERR_CONNECTION_REFUSED
  (Session info: chrome=149.0.7827.201)
Stacktrace:
	chromedriver!GetHandleVerifier [0x7ff781b93fa5+14925]
	chromedriver!GetHandleVerifier [0x7ff781b94000+14980]
	chromedriver!(No symbol) [0x7ff7816d793d]
	chromedriver!(No symbol) [0x7ff7816d44ce]
	chromedriver!(No symbol) [0x7ff7816c4711]
	chromedriver!(No symbol) [0x7ff7816c657f]
	chromedriver!(No symbol) [0x7ff7816c4cb3]
	chromedriver!(No symbol) [0x7ff7816c447b]
	chromedriver!(No symbol) [0x7ff7816c4131]
	chromedriver!(No symbol) [0x7ff7816c1e01]
	chromedriver!(No symbol) [0x7ff7816c2562]
	chromedriver!(No symbol) [0x7ff7816dbbe6]
	chromedriver!(No symbol) [0x7ff7817801c4]
	chromedriver!(No symbol) [0x7ff78175a3ca]
	chromedriver!(No symbol) [0x7ff78177f39b]
	chromedriver!(No symbol) [0x7ff78172401c]
	chromedriver!(No symbol) [0x7ff781724f43]
	chromedriver!GetHandleVerifier [0x7ff782177591+5f7f11]
	chromedriver!GetHandleVerifier [0x7ff782171902+5f2282]
	chromedriver!GetHandleVerifier [0x7ff782197115+617a95]
	chromedriver!GetHandleVerifier [0x7ff781bb1dce+3274e]
	chromedriver!GetHandleVerifier [0x7ff781bba82c+3b1ac]
	chromedriver!GetHandleVerifier [0x7ff781b9d744+1e0c4]
	chromedriver!GetHandleVerifier [0x7ff781b9d8d4+1e254]
	chromedriver!GetHandleVerifier [0x7ff781b81447+1dc7]
	KERNEL32!BaseThreadInitThunk [0x7ff875d5e957+17]
	ntdll!RtlUserThreadStart [0x7ff876ca7c1c+2c]

[2026-07-08 12:45:25] [refresh_page] Incercarea 3/3 a esuat: WebDriverException: Message: unknown error: net::ERR_CONNECTION_REFUSED
  (Session info: chrome=149.0.7827.201)
Stacktrace:
	chromedriver!GetHandleVerifier [0x7ff781b93fa5+14925]
	chromedriver!GetHandleVerifier [0x7ff781b94000+14980]
	chromedriver!(No symbol) [0x7ff7816d793d]
	chromedriver!(No symbol) [0x7ff7816d44ce]
	chromedriver!(No symbol) [0x7ff7816c4711]
	chromedriver!(No symbol) [0x7ff7816c657f]
	chromedriver!(No symbol) [0x7ff7816c4cb3]
	chromedriver!(No symbol) [0x7ff7816c447b]
	chromedriver!(No symbol) [0x7ff7816c4131]
	chromedriver!(No symbol) [0x7ff7816c1e01]
	chromedriver!(No symbol) [0x7ff7816c2562]
	chromedriver!(No symbol) [0x7ff7816dbbe6]
	chromedriver!(No symbol) [0x7ff7817801c4]
	chromedriver!(No symbol) [0x7ff78175a3ca]
	chromedriver!(No symbol) [0x7ff78177f39b]
	chromedriver!(No symbol) [0x7ff78172401c]
	chromedriver!(No symbol) [0x7ff781724f43]
	chromedriver!GetHandleVerifier [0x7ff782177591+5f7f11]
	chromedriver!GetHandleVerifier [0x7ff782171902+5f2282]
	chromedriver!GetHandleVerifier [0x7ff782197115+617a95]
	chromedriver!GetHandleVerifier [0x7ff781bb1dce+3274e]
	chromedriver!GetHandleVerifier [0x7ff781bba82c+3b1ac]
	chromedriver!GetHandleVerifier [0x7ff781b9d744+1e0c4]
	chromedriver!GetHandleVerifier [0x7ff781b9d8d4+1e254]
	chromedriver!GetHandleVerifier [0x7ff781b81447+1dc7]
	KERNEL32!BaseThreadInitThunk [0x7ff875d5e957+17]
	ntdll!RtlUserThreadStart [0x7ff876ca7c1c+2c]

[2026-07-08 12:45:25] [refresh_page] Nu am putut incarca pagina la pornire. Opresc scriptul.
[2026-07-08 12:45:33] [refresh_page] ATENTIE: 'ip_aparat' din device_config.json este inca 'localhost' (valoare implicita).
[2026-07-08 12:45:33] [refresh_page] Pornesc. URL tinta: http://localhost/ | restart complet la fiecare 2.00h | headless=False | auto-login=True
[2026-07-08 12:45:33] [refresh_page] Restart initial la pornire...
[2026-07-08 12:45:36] [refresh_page] Incercarea 1/3 a esuat: WebDriverException: Message: unknown error: net::ERR_CONNECTION_REFUSED
  (Session info: chrome=149.0.7827.201)
Stacktrace:
	chromedriver!GetHandleVerifier [0x7ff781b93fa5+14925]
	chromedriver!GetHandleVerifier [0x7ff781b94000+14980]
	chromedriver!(No symbol) [0x7ff7816d793d]
	chromedriver!(No symbol) [0x7ff7816d44ce]
	chromedriver!(No symbol) [0x7ff7816c4711]
	chromedriver!(No symbol) [0x7ff7816c657f]
	chromedriver!(No symbol) [0x7ff7816c4cb3]
	chromedriver!(No symbol) [0x7ff7816c447b]
	chromedriver!(No symbol) [0x7ff7816c4131]
	chromedriver!(No symbol) [0x7ff7816c1e01]
	chromedriver!(No symbol) [0x7ff7816c2562]
	chromedriver!(No symbol) [0x7ff7816dbbe6]
	chromedriver!(No symbol) [0x7ff7817801c4]
	chromedriver!(No symbol) [0x7ff78175a3ca]
	chromedriver!(No symbol) [0x7ff78177f39b]
	chromedriver!(No symbol) [0x7ff78172401c]
	chromedriver!(No symbol) [0x7ff781724f43]
	chromedriver!GetHandleVerifier [0x7ff782177591+5f7f11]
	chromedriver!GetHandleVerifier [0x7ff782171902+5f2282]
	chromedriver!GetHandleVerifier [0x7ff782197115+617a95]
	chromedriver!GetHandleVerifier [0x7ff781bb1dce+3274e]
	chromedriver!GetHandleVerifier [0x7ff781bba82c+3b1ac]
	chromedriver!GetHandleVerifier [0x7ff781b9d744+1e0c4]
	chromedriver!GetHandleVerifier [0x7ff781b9d8d4+1e254]
	chromedriver!GetHandleVerifier [0x7ff781b81447+1dc7]
	KERNEL32!BaseThreadInitThunk [0x7ff875d5e957+17]
	ntdll!RtlUserThreadStart [0x7ff876ca7c1c+2c]

[2026-07-08 12:45:41] [refresh_page] Incercarea 2/3 - eroare neasteptata: ProtocolError: ('Connection aborted.', ConnectionResetError(10054, 'An existing connection was forcibly closed by the remote host', None, 10054, None))
